<?xml version="1.0" encoding="UTF-8"?>
<testsuite name="Cucumber" time="744.458" tests="17" skipped="0" failures="8" errors="0">
<testcase classname="Verify Filters on the FYH page" name="Verify that selecting &quot;&lt;SortType&gt;&quot; filter updates listings on the &quot;&lt;TabName&gt;&quot; tab - #1.1: Verify that selecting &quot;Price&quot; filter updates listings on the &quot;Communities&quot; tab" time="128.191">
<failure type="org.openqa.selenium.TimeoutException" message="Expected condition failed: waiting for visibility of all [] (tried for 30 second(s) with 500 milliseconds interval)
Build info: version: '4.29.0', revision: '5fc1ec94cb'
System info: os.name: 'Windows 11', os.arch: 'amd64', os.version: '10.0', java.version: '23.0.2'
Driver info: org.openqa.selenium.chrome.ChromeDriver
Capabilities {acceptInsecureCerts: false, browserName: chrome, browserVersion: 135.0.7049.85, chrome: {chromedriverVersion: 135.0.7049.97 (b41307079c9b..., userDataDir: C:\Users\dkaushik\AppData\L...}, fedcm:accounts: true, goog:chromeOptions: {debuggerAddress: localhost:60504}, networkConnectionEnabled: false, pageLoadStrategy: normal, platformName: windows, proxy: Proxy(), se:cdp: ws://localhost:60504/devtoo..., se:cdpVersion: 135.0.7049.85, setWindowRect: true, strictFileInteractability: false, timeouts: {implicit: 0, pageLoad: 300000, script: 30000}, unhandledPromptBehavior: dismiss and notify, webauthn:extension:credBlob: true, webauthn:extension:largeBlob: true, webauthn:extension:minPinLength: true, webauthn:extension:prf: true, webauthn:virtualAuthenticators: true}
Session ID: d23a7382ff5258aeb4f74397b96a39c0">
<![CDATA[org.openqa.selenium.TimeoutException: Expected condition failed: waiting for visibility of all [] (tried for 30 second(s) with 500 milliseconds interval)
Build info: version: '4.29.0', revision: '5fc1ec94cb'
System info: os.name: 'Windows 11', os.arch: 'amd64', os.version: '10.0', java.version: '23.0.2'
Driver info: org.openqa.selenium.chrome.ChromeDriver
Capabilities {acceptInsecureCerts: false, browserName: chrome, browserVersion: 135.0.7049.85, chrome: {chromedriverVersion: 135.0.7049.97 (b41307079c9b..., userDataDir: C:\Users\dkaushik\AppData\L...}, fedcm:accounts: true, goog:chromeOptions: {debuggerAddress: localhost:60504}, networkConnectionEnabled: false, pageLoadStrategy: normal, platformName: windows, proxy: Proxy(), se:cdp: ws://localhost:60504/devtoo..., se:cdpVersion: 135.0.7049.85, setWindowRect: true, strictFileInteractability: false, timeouts: {implicit: 0, pageLoad: 300000, script: 30000}, unhandledPromptBehavior: dismiss and notify, webauthn:extension:credBlob: true, webauthn:extension:largeBlob: true, webauthn:extension:minPinLength: true, webauthn:extension:prf: true, webauthn:virtualAuthenticators: true}
Session ID: d23a7382ff5258aeb4f74397b96a39c0
	at org.openqa.selenium.support.ui.WebDriverWait.timeoutException(WebDriverWait.java:84)
	at org.openqa.selenium.support.ui.FluentWait.until(FluentWait.java:228)
	at pageObjects.FyhPage.validatePriceFilter(FyhPage.java:268)
	at pageObjects.FyhPage.isListingUpdatedBasedOnFilter(FyhPage.java:254)
	at stepDefinations.FyhPageSteps.listing_should_be_updated(FyhPageSteps.java:85)
	at ✽.Listing should be updated as per the selected "Price" for the "Communities" tab(file:///C:/Users/dkaushik/eclipse-workspace/bdd_mattamyhomes/src/test/resources/features/fyhpagefilters.feature:15)
]]>
</failure>
<system-out><![CDATA[
Given user is on the Home page..............................................passed
And User click on the FindYourHome Menu in Header...........................passed
When select any random option...............................................passed
Then User should be redirected to the FYH Page for the Selected option......passed
When User clicks on "Communities" tab and clicks on the "Price" dropdown....passed
Then for the selected "Communities" the "Price" list should be visible to user.passed
And for the selected "Communities" tab choose any value from the "Price" sort dropdown.passed
Then Listing should be updated as per the selected "Price" for the "Communities" tab.failed
]]></system-out>
</testcase>
<testcase classname="Verify Filters on the FYH page" name="Verify that selecting &quot;&lt;SortType&gt;&quot; filter updates listings on the &quot;&lt;TabName&gt;&quot; tab - #1.2: Verify that selecting &quot;A-Z&quot; filter updates listings on the &quot;Communities&quot; tab" time="44.549">
<failure type="org.openqa.selenium.TimeoutException" message="Expected condition failed: waiting for visibility of all [[[ChromeDriver: chrome on windows (1256f25b7f9849b66f6a457d9ab74c28)] -&gt; xpath: //div[@class='relative font-trade-gothic-20 text-2xl text-white leading-9 tracking-tight'] | //div[@class='sc-fzpdyU bpAxtW']], [[ChromeDriver: chrome on windows (1256f25b7f9849b66f6a457d9ab74c28)] -&gt; xpath: //div[@class='relative font-trade-gothic-20 text-2xl text-white leading-9 tracking-tight'] | //div[@class='sc-fzpdyU bpAxtW']], [[ChromeDriver: chrome on windows (1256f25b7f9849b66f6a457d9ab74c28)] -&gt; xpath: //div[@class='relative font-trade-gothic-20 text-2xl text-white leading-9 tracking-tight'] | //div[@class='sc-fzpdyU bpAxtW']], [[ChromeDriver: chrome on windows (1256f25b7f9849b66f6a457d9ab74c28)] -&gt; xpath: //div[@class='relative font-trade-gothic-20 text-2xl text-white leading-9 tracking-tight'] | //div[@class='sc-fzpdyU bpAxtW']]] (tried for 30 second(s) with 500 milliseconds interval)
Build info: version: '4.29.0', revision: '5fc1ec94cb'
System info: os.name: 'Windows 11', os.arch: 'amd64', os.version: '10.0', java.version: '23.0.2'
Driver info: org.openqa.selenium.chrome.ChromeDriver
Capabilities {acceptInsecureCerts: false, browserName: chrome, browserVersion: 135.0.7049.85, chrome: {chromedriverVersion: 135.0.7049.97 (b41307079c9b..., userDataDir: C:\Users\dkaushik\AppData\L...}, fedcm:accounts: true, goog:chromeOptions: {debuggerAddress: localhost:60971}, networkConnectionEnabled: false, pageLoadStrategy: normal, platformName: windows, proxy: Proxy(), se:cdp: ws://localhost:60971/devtoo..., se:cdpVersion: 135.0.7049.85, setWindowRect: true, strictFileInteractability: false, timeouts: {implicit: 0, pageLoad: 300000, script: 30000}, unhandledPromptBehavior: dismiss and notify, webauthn:extension:credBlob: true, webauthn:extension:largeBlob: true, webauthn:extension:minPinLength: true, webauthn:extension:prf: true, webauthn:virtualAuthenticators: true}
Session ID: 1256f25b7f9849b66f6a457d9ab74c28">
<![CDATA[org.openqa.selenium.TimeoutException: Expected condition failed: waiting for visibility of all [[[ChromeDriver: chrome on windows (1256f25b7f9849b66f6a457d9ab74c28)] -> xpath: //div[@class='relative font-trade-gothic-20 text-2xl text-white leading-9 tracking-tight'] | //div[@class='sc-fzpdyU bpAxtW']], [[ChromeDriver: chrome on windows (1256f25b7f9849b66f6a457d9ab74c28)] -> xpath: //div[@class='relative font-trade-gothic-20 text-2xl text-white leading-9 tracking-tight'] | //div[@class='sc-fzpdyU bpAxtW']], [[ChromeDriver: chrome on windows (1256f25b7f9849b66f6a457d9ab74c28)] -> xpath: //div[@class='relative font-trade-gothic-20 text-2xl text-white leading-9 tracking-tight'] | //div[@class='sc-fzpdyU bpAxtW']], [[ChromeDriver: chrome on windows (1256f25b7f9849b66f6a457d9ab74c28)] -> xpath: //div[@class='relative font-trade-gothic-20 text-2xl text-white leading-9 tracking-tight'] | //div[@class='sc-fzpdyU bpAxtW']]] (tried for 30 second(s) with 500 milliseconds interval)
Build info: version: '4.29.0', revision: '5fc1ec94cb'
System info: os.name: 'Windows 11', os.arch: 'amd64', os.version: '10.0', java.version: '23.0.2'
Driver info: org.openqa.selenium.chrome.ChromeDriver
Capabilities {acceptInsecureCerts: false, browserName: chrome, browserVersion: 135.0.7049.85, chrome: {chromedriverVersion: 135.0.7049.97 (b41307079c9b..., userDataDir: C:\Users\dkaushik\AppData\L...}, fedcm:accounts: true, goog:chromeOptions: {debuggerAddress: localhost:60971}, networkConnectionEnabled: false, pageLoadStrategy: normal, platformName: windows, proxy: Proxy(), se:cdp: ws://localhost:60971/devtoo..., se:cdpVersion: 135.0.7049.85, setWindowRect: true, strictFileInteractability: false, timeouts: {implicit: 0, pageLoad: 300000, script: 30000}, unhandledPromptBehavior: dismiss and notify, webauthn:extension:credBlob: true, webauthn:extension:largeBlob: true, webauthn:extension:minPinLength: true, webauthn:extension:prf: true, webauthn:virtualAuthenticators: true}
Session ID: 1256f25b7f9849b66f6a457d9ab74c28
	at org.openqa.selenium.support.ui.WebDriverWait.timeoutException(WebDriverWait.java:84)
	at org.openqa.selenium.support.ui.FluentWait.until(FluentWait.java:228)
	at pageObjects.FyhPage.randomclickOnName(FyhPage.java:117)
	at stepDefinations.FyhPageSteps.select_any_random_option(FyhPageSteps.java:33)
	at ✽.select any random option(file:///C:/Users/dkaushik/eclipse-workspace/bdd_mattamyhomes/src/test/resources/features/fyhpagefilters.feature:7)
]]>
</failure>
<system-out><![CDATA[
Given user is on the Home page..............................................passed
And User click on the FindYourHome Menu in Header...........................passed
When select any random option...............................................failed
Then User should be redirected to the FYH Page for the Selected option......skipped
When User clicks on "Communities" tab and clicks on the "A-Z" dropdown......skipped
Then for the selected "Communities" the "A-Z" list should be visible to user.skipped
And for the selected "Communities" tab choose any value from the "A-Z" sort dropdown.skipped
Then Listing should be updated as per the selected "A-Z" for the "Communities" tab.skipped
]]></system-out>
</testcase>
<testcase classname="Verify Filters on the FYH page" name="Verify that selecting &quot;&lt;SortType&gt;&quot; filter updates listings on the &quot;&lt;TabName&gt;&quot; tab - #1.3: Verify that selecting &quot;Price&quot; filter updates listings on the &quot;Quick Move-Ins&quot; tab" time="23.445">
<failure type="org.openqa.selenium.ElementClickInterceptedException" message="element click intercepted: Element &lt;button class=&quot;sc-pRhbc ePDsLp bg-white w-full font-graphie px-4 cursor-pointer rounded-lg border border-action-blue md:border-none transition transition-all duration-300 hover:text-white hover:bg-action-blue text-action-blue&quot; aria-pressed=&quot;false&quot; role=&quot;button&quot; aria-label=&quot;All Quick Move-Ins. No results found.&quot;&gt;...&lt;/button&gt; is not clickable at point (461, 150). Other element would receive the click: &lt;div class=&quot;flex justify-center items-center w-screen h-screen&quot;&gt;...&lt;/div&gt;
  (Session info: chrome=135.0.7049.85)
Build info: version: '4.29.0', revision: '5fc1ec94cb'
System info: os.name: 'Windows 11', os.arch: 'amd64', os.version: '10.0', java.version: '23.0.2'
Driver info: org.openqa.selenium.chrome.ChromeDriver
Command: [7f4a70c29bda790c579bdce64b196b4d, clickElement {id=f.117455E28894274082EF93A3C78EEB81.d.6703AE1D489E18EC07508CE1FFEFE54B.e.93}]
Capabilities {acceptInsecureCerts: false, browserName: chrome, browserVersion: 135.0.7049.85, chrome: {chromedriverVersion: 135.0.7049.97 (b41307079c9b..., userDataDir: C:\Users\dkaushik\AppData\L...}, fedcm:accounts: true, goog:chromeOptions: {debuggerAddress: localhost:61198}, networkConnectionEnabled: false, pageLoadStrategy: normal, platformName: windows, proxy: Proxy(), se:cdp: ws://localhost:61198/devtoo..., se:cdpVersion: 135.0.7049.85, setWindowRect: true, strictFileInteractability: false, timeouts: {implicit: 0, pageLoad: 300000, script: 30000}, unhandledPromptBehavior: dismiss and notify, webauthn:extension:credBlob: true, webauthn:extension:largeBlob: true, webauthn:extension:minPinLength: true, webauthn:extension:prf: true, webauthn:virtualAuthenticators: true}
Element: [[ChromeDriver: chrome on windows (7f4a70c29bda790c579bdce64b196b4d)] -&gt; xpath: //button[contains(@aria-label, 'Quick Move-Ins')]]
Session ID: 7f4a70c29bda790c579bdce64b196b4d">
<![CDATA[org.openqa.selenium.ElementClickInterceptedException: element click intercepted: Element <button class="sc-pRhbc ePDsLp bg-white w-full font-graphie px-4 cursor-pointer rounded-lg border border-action-blue md:border-none transition transition-all duration-300 hover:text-white hover:bg-action-blue text-action-blue" aria-pressed="false" role="button" aria-label="All Quick Move-Ins. No results found.">...</button> is not clickable at point (461, 150). Other element would receive the click: <div class="flex justify-center items-center w-screen h-screen">...</div>
  (Session info: chrome=135.0.7049.85)
Build info: version: '4.29.0', revision: '5fc1ec94cb'
System info: os.name: 'Windows 11', os.arch: 'amd64', os.version: '10.0', java.version: '23.0.2'
Driver info: org.openqa.selenium.chrome.ChromeDriver
Command: [7f4a70c29bda790c579bdce64b196b4d, clickElement {id=f.117455E28894274082EF93A3C78EEB81.d.6703AE1D489E18EC07508CE1FFEFE54B.e.93}]
Capabilities {acceptInsecureCerts: false, browserName: chrome, browserVersion: 135.0.7049.85, chrome: {chromedriverVersion: 135.0.7049.97 (b41307079c9b..., userDataDir: C:\Users\dkaushik\AppData\L...}, fedcm:accounts: true, goog:chromeOptions: {debuggerAddress: localhost:61198}, networkConnectionEnabled: false, pageLoadStrategy: normal, platformName: windows, proxy: Proxy(), se:cdp: ws://localhost:61198/devtoo..., se:cdpVersion: 135.0.7049.85, setWindowRect: true, strictFileInteractability: false, timeouts: {implicit: 0, pageLoad: 300000, script: 30000}, unhandledPromptBehavior: dismiss and notify, webauthn:extension:credBlob: true, webauthn:extension:largeBlob: true, webauthn:extension:minPinLength: true, webauthn:extension:prf: true, webauthn:virtualAuthenticators: true}
Element: [[ChromeDriver: chrome on windows (7f4a70c29bda790c579bdce64b196b4d)] -> xpath: //button[contains(@aria-label, 'Quick Move-Ins')]]
Session ID: 7f4a70c29bda790c579bdce64b196b4d
	at java.base/jdk.internal.reflect.DirectConstructorHandleAccessor.newInstance(DirectConstructorHandleAccessor.java:62)
	at java.base/java.lang.reflect.Constructor.newInstanceWithCaller(Constructor.java:501)
	at java.base/java.lang.reflect.Constructor.newInstance(Constructor.java:485)
	at org.openqa.selenium.remote.ErrorCodec.decode(ErrorCodec.java:167)
	at org.openqa.selenium.remote.codec.w3c.W3CHttpResponseCodec.decode(W3CHttpResponseCodec.java:138)
	at org.openqa.selenium.remote.codec.w3c.W3CHttpResponseCodec.decode(W3CHttpResponseCodec.java:50)
	at org.openqa.selenium.remote.HttpCommandExecutor.execute(HttpCommandExecutor.java:215)
	at org.openqa.selenium.remote.service.DriverCommandExecutor.invokeExecute(DriverCommandExecutor.java:216)
	at org.openqa.selenium.remote.service.DriverCommandExecutor.execute(DriverCommandExecutor.java:174)
	at org.openqa.selenium.remote.RemoteWebDriver.execute(RemoteWebDriver.java:545)
	at org.openqa.selenium.remote.RemoteWebElement.execute(RemoteWebElement.java:223)
	at org.openqa.selenium.remote.RemoteWebElement.click(RemoteWebElement.java:76)
	at java.base/jdk.internal.reflect.DirectMethodHandleAccessor.invoke(DirectMethodHandleAccessor.java:103)
	at java.base/java.lang.reflect.Method.invoke(Method.java:580)
	at org.openqa.selenium.support.pagefactory.internal.LocatingElementHandler.invoke(LocatingElementHandler.java:51)
	at jdk.proxy2/jdk.proxy2.$Proxy26.click(Unknown Source)
	at pageObjects.FyhPage.selectTab(FyhPage.java:170)
	at stepDefinations.FyhPageSteps.user_clicks_on_tab_and_filter_dropdown(FyhPageSteps.java:67)
	at ✽.User clicks on "Quick Move-Ins" tab and clicks on the "Price" dropdown(file:///C:/Users/dkaushik/eclipse-workspace/bdd_mattamyhomes/src/test/resources/features/fyhpagefilters.feature:12)
]]>
</failure>
<system-out><![CDATA[
Given user is on the Home page..............................................passed
And User click on the FindYourHome Menu in Header...........................passed
When select any random option...............................................passed
Then User should be redirected to the FYH Page for the Selected option......passed
When User clicks on "Quick Move-Ins" tab and clicks on the "Price" dropdown.failed
Then for the selected "Quick Move-Ins" the "Price" list should be visible to user.skipped
And for the selected "Quick Move-Ins" tab choose any value from the "Price" sort dropdown.skipped
Then Listing should be updated as per the selected "Price" for the "Quick Move-Ins" tab.skipped
]]></system-out>
</testcase>
<testcase classname="Verify Filters on the FYH page" name="Verify that selecting &quot;&lt;SortType&gt;&quot; filter updates listings on the &quot;&lt;TabName&gt;&quot; tab - #1.4: Verify that selecting &quot;Size&quot; filter updates listings on the &quot;Quick Move-Ins&quot; tab" time="30.367">
<failure type="org.openqa.selenium.ElementClickInterceptedException" message="element click intercepted: Element &lt;button class=&quot;sc-pRhbc ePDsLp bg-white w-full font-graphie px-4 cursor-pointer rounded-lg border border-action-blue md:border-none transition transition-all duration-300 hover:text-white hover:bg-action-blue text-action-blue&quot; aria-pressed=&quot;false&quot; role=&quot;button&quot; aria-label=&quot;All Quick Move-Ins. No results found.&quot;&gt;...&lt;/button&gt; is not clickable at point (461, 150). Other element would receive the click: &lt;div class=&quot;flex justify-center items-center w-screen h-screen&quot;&gt;...&lt;/div&gt;
  (Session info: chrome=135.0.7049.85)
Build info: version: '4.29.0', revision: '5fc1ec94cb'
System info: os.name: 'Windows 11', os.arch: 'amd64', os.version: '10.0', java.version: '23.0.2'
Driver info: org.openqa.selenium.chrome.ChromeDriver
Command: [7f62368e9fd5047940157290a76ef326, clickElement {id=f.2C6639F7798612D5A8CBD34D2714C728.d.6C0E76DC2CCA24E60F4ADD6F034CC8E6.e.95}]
Capabilities {acceptInsecureCerts: false, browserName: chrome, browserVersion: 135.0.7049.85, chrome: {chromedriverVersion: 135.0.7049.97 (b41307079c9b..., userDataDir: C:\Users\dkaushik\AppData\L...}, fedcm:accounts: true, goog:chromeOptions: {debuggerAddress: localhost:61352}, networkConnectionEnabled: false, pageLoadStrategy: normal, platformName: windows, proxy: Proxy(), se:cdp: ws://localhost:61352/devtoo..., se:cdpVersion: 135.0.7049.85, setWindowRect: true, strictFileInteractability: false, timeouts: {implicit: 0, pageLoad: 300000, script: 30000}, unhandledPromptBehavior: dismiss and notify, webauthn:extension:credBlob: true, webauthn:extension:largeBlob: true, webauthn:extension:minPinLength: true, webauthn:extension:prf: true, webauthn:virtualAuthenticators: true}
Element: [[ChromeDriver: chrome on windows (7f62368e9fd5047940157290a76ef326)] -&gt; xpath: //button[contains(@aria-label, 'Quick Move-Ins')]]
Session ID: 7f62368e9fd5047940157290a76ef326">
<![CDATA[org.openqa.selenium.ElementClickInterceptedException: element click intercepted: Element <button class="sc-pRhbc ePDsLp bg-white w-full font-graphie px-4 cursor-pointer rounded-lg border border-action-blue md:border-none transition transition-all duration-300 hover:text-white hover:bg-action-blue text-action-blue" aria-pressed="false" role="button" aria-label="All Quick Move-Ins. No results found.">...</button> is not clickable at point (461, 150). Other element would receive the click: <div class="flex justify-center items-center w-screen h-screen">...</div>
  (Session info: chrome=135.0.7049.85)
Build info: version: '4.29.0', revision: '5fc1ec94cb'
System info: os.name: 'Windows 11', os.arch: 'amd64', os.version: '10.0', java.version: '23.0.2'
Driver info: org.openqa.selenium.chrome.ChromeDriver
Command: [7f62368e9fd5047940157290a76ef326, clickElement {id=f.2C6639F7798612D5A8CBD34D2714C728.d.6C0E76DC2CCA24E60F4ADD6F034CC8E6.e.95}]
Capabilities {acceptInsecureCerts: false, browserName: chrome, browserVersion: 135.0.7049.85, chrome: {chromedriverVersion: 135.0.7049.97 (b41307079c9b..., userDataDir: C:\Users\dkaushik\AppData\L...}, fedcm:accounts: true, goog:chromeOptions: {debuggerAddress: localhost:61352}, networkConnectionEnabled: false, pageLoadStrategy: normal, platformName: windows, proxy: Proxy(), se:cdp: ws://localhost:61352/devtoo..., se:cdpVersion: 135.0.7049.85, setWindowRect: true, strictFileInteractability: false, timeouts: {implicit: 0, pageLoad: 300000, script: 30000}, unhandledPromptBehavior: dismiss and notify, webauthn:extension:credBlob: true, webauthn:extension:largeBlob: true, webauthn:extension:minPinLength: true, webauthn:extension:prf: true, webauthn:virtualAuthenticators: true}
Element: [[ChromeDriver: chrome on windows (7f62368e9fd5047940157290a76ef326)] -> xpath: //button[contains(@aria-label, 'Quick Move-Ins')]]
Session ID: 7f62368e9fd5047940157290a76ef326
	at java.base/jdk.internal.reflect.DirectConstructorHandleAccessor.newInstance(DirectConstructorHandleAccessor.java:62)
	at java.base/java.lang.reflect.Constructor.newInstanceWithCaller(Constructor.java:501)
	at java.base/java.lang.reflect.Constructor.newInstance(Constructor.java:485)
	at org.openqa.selenium.remote.ErrorCodec.decode(ErrorCodec.java:167)
	at org.openqa.selenium.remote.codec.w3c.W3CHttpResponseCodec.decode(W3CHttpResponseCodec.java:138)
	at org.openqa.selenium.remote.codec.w3c.W3CHttpResponseCodec.decode(W3CHttpResponseCodec.java:50)
	at org.openqa.selenium.remote.HttpCommandExecutor.execute(HttpCommandExecutor.java:215)
	at org.openqa.selenium.remote.service.DriverCommandExecutor.invokeExecute(DriverCommandExecutor.java:216)
	at org.openqa.selenium.remote.service.DriverCommandExecutor.execute(DriverCommandExecutor.java:174)
	at org.openqa.selenium.remote.RemoteWebDriver.execute(RemoteWebDriver.java:545)
	at org.openqa.selenium.remote.RemoteWebElement.execute(RemoteWebElement.java:223)
	at org.openqa.selenium.remote.RemoteWebElement.click(RemoteWebElement.java:76)
	at java.base/jdk.internal.reflect.DirectMethodHandleAccessor.invoke(DirectMethodHandleAccessor.java:103)
	at java.base/java.lang.reflect.Method.invoke(Method.java:580)
	at org.openqa.selenium.support.pagefactory.internal.LocatingElementHandler.invoke(LocatingElementHandler.java:51)
	at jdk.proxy2/jdk.proxy2.$Proxy26.click(Unknown Source)
	at pageObjects.FyhPage.selectTab(FyhPage.java:170)
	at stepDefinations.FyhPageSteps.user_clicks_on_tab_and_filter_dropdown(FyhPageSteps.java:67)
	at ✽.User clicks on "Quick Move-Ins" tab and clicks on the "Size" dropdown(file:///C:/Users/dkaushik/eclipse-workspace/bdd_mattamyhomes/src/test/resources/features/fyhpagefilters.feature:12)
]]>
</failure>
<system-out><![CDATA[
Given user is on the Home page..............................................passed
And User click on the FindYourHome Menu in Header...........................passed
When select any random option...............................................passed
Then User should be redirected to the FYH Page for the Selected option......passed
When User clicks on "Quick Move-Ins" tab and clicks on the "Size" dropdown..failed
Then for the selected "Quick Move-Ins" the "Size" list should be visible to user.skipped
And for the selected "Quick Move-Ins" tab choose any value from the "Size" sort dropdown.skipped
Then Listing should be updated as per the selected "Size" for the "Quick Move-Ins" tab.skipped
]]></system-out>
</testcase>
<testcase classname="Verify Filters on the FYH page" name="Verify that selecting &quot;&lt;SortType&gt;&quot; filter updates listings on the &quot;&lt;TabName&gt;&quot; tab - #1.5: Verify that selecting &quot;A-Z&quot; filter updates listings on the &quot;Quick Move-Ins&quot; tab" time="23.814">
<failure type="org.openqa.selenium.ElementClickInterceptedException" message="element click intercepted: Element &lt;button class=&quot;sc-pRhbc ePDsLp bg-white w-full font-graphie px-4 cursor-pointer rounded-lg border border-action-blue md:border-none transition transition-all duration-300 hover:text-white hover:bg-action-blue text-action-blue&quot; aria-pressed=&quot;false&quot; role=&quot;button&quot; aria-label=&quot;All Quick Move-Ins. No results found.&quot;&gt;...&lt;/button&gt; is not clickable at point (461, 150). Other element would receive the click: &lt;div class=&quot;flex justify-center items-center w-screen h-screen&quot;&gt;...&lt;/div&gt;
  (Session info: chrome=135.0.7049.85)
Build info: version: '4.29.0', revision: '5fc1ec94cb'
System info: os.name: 'Windows 11', os.arch: 'amd64', os.version: '10.0', java.version: '23.0.2'
Driver info: org.openqa.selenium.chrome.ChromeDriver
Command: [182057d592b419d403844f2d4fc23387, clickElement {id=f.759F59C190D1D87E3415581C5D8DC734.d.2A4E804053964F6ECCD34B953B7DE3F0.e.87}]
Capabilities {acceptInsecureCerts: false, browserName: chrome, browserVersion: 135.0.7049.85, chrome: {chromedriverVersion: 135.0.7049.97 (b41307079c9b..., userDataDir: C:\Users\dkaushik\AppData\L...}, fedcm:accounts: true, goog:chromeOptions: {debuggerAddress: localhost:61558}, networkConnectionEnabled: false, pageLoadStrategy: normal, platformName: windows, proxy: Proxy(), se:cdp: ws://localhost:61558/devtoo..., se:cdpVersion: 135.0.7049.85, setWindowRect: true, strictFileInteractability: false, timeouts: {implicit: 0, pageLoad: 300000, script: 30000}, unhandledPromptBehavior: dismiss and notify, webauthn:extension:credBlob: true, webauthn:extension:largeBlob: true, webauthn:extension:minPinLength: true, webauthn:extension:prf: true, webauthn:virtualAuthenticators: true}
Element: [[ChromeDriver: chrome on windows (182057d592b419d403844f2d4fc23387)] -&gt; xpath: //button[contains(@aria-label, 'Quick Move-Ins')]]
Session ID: 182057d592b419d403844f2d4fc23387">
<![CDATA[org.openqa.selenium.ElementClickInterceptedException: element click intercepted: Element <button class="sc-pRhbc ePDsLp bg-white w-full font-graphie px-4 cursor-pointer rounded-lg border border-action-blue md:border-none transition transition-all duration-300 hover:text-white hover:bg-action-blue text-action-blue" aria-pressed="false" role="button" aria-label="All Quick Move-Ins. No results found.">...</button> is not clickable at point (461, 150). Other element would receive the click: <div class="flex justify-center items-center w-screen h-screen">...</div>
  (Session info: chrome=135.0.7049.85)
Build info: version: '4.29.0', revision: '5fc1ec94cb'
System info: os.name: 'Windows 11', os.arch: 'amd64', os.version: '10.0', java.version: '23.0.2'
Driver info: org.openqa.selenium.chrome.ChromeDriver
Command: [182057d592b419d403844f2d4fc23387, clickElement {id=f.759F59C190D1D87E3415581C5D8DC734.d.2A4E804053964F6ECCD34B953B7DE3F0.e.87}]
Capabilities {acceptInsecureCerts: false, browserName: chrome, browserVersion: 135.0.7049.85, chrome: {chromedriverVersion: 135.0.7049.97 (b41307079c9b..., userDataDir: C:\Users\dkaushik\AppData\L...}, fedcm:accounts: true, goog:chromeOptions: {debuggerAddress: localhost:61558}, networkConnectionEnabled: false, pageLoadStrategy: normal, platformName: windows, proxy: Proxy(), se:cdp: ws://localhost:61558/devtoo..., se:cdpVersion: 135.0.7049.85, setWindowRect: true, strictFileInteractability: false, timeouts: {implicit: 0, pageLoad: 300000, script: 30000}, unhandledPromptBehavior: dismiss and notify, webauthn:extension:credBlob: true, webauthn:extension:largeBlob: true, webauthn:extension:minPinLength: true, webauthn:extension:prf: true, webauthn:virtualAuthenticators: true}
Element: [[ChromeDriver: chrome on windows (182057d592b419d403844f2d4fc23387)] -> xpath: //button[contains(@aria-label, 'Quick Move-Ins')]]
Session ID: 182057d592b419d403844f2d4fc23387
	at java.base/jdk.internal.reflect.DirectConstructorHandleAccessor.newInstance(DirectConstructorHandleAccessor.java:62)
	at java.base/java.lang.reflect.Constructor.newInstanceWithCaller(Constructor.java:501)
	at java.base/java.lang.reflect.Constructor.newInstance(Constructor.java:485)
	at org.openqa.selenium.remote.ErrorCodec.decode(ErrorCodec.java:167)
	at org.openqa.selenium.remote.codec.w3c.W3CHttpResponseCodec.decode(W3CHttpResponseCodec.java:138)
	at org.openqa.selenium.remote.codec.w3c.W3CHttpResponseCodec.decode(W3CHttpResponseCodec.java:50)
	at org.openqa.selenium.remote.HttpCommandExecutor.execute(HttpCommandExecutor.java:215)
	at org.openqa.selenium.remote.service.DriverCommandExecutor.invokeExecute(DriverCommandExecutor.java:216)
	at org.openqa.selenium.remote.service.DriverCommandExecutor.execute(DriverCommandExecutor.java:174)
	at org.openqa.selenium.remote.RemoteWebDriver.execute(RemoteWebDriver.java:545)
	at org.openqa.selenium.remote.RemoteWebElement.execute(RemoteWebElement.java:223)
	at org.openqa.selenium.remote.RemoteWebElement.click(RemoteWebElement.java:76)
	at java.base/jdk.internal.reflect.DirectMethodHandleAccessor.invoke(DirectMethodHandleAccessor.java:103)
	at java.base/java.lang.reflect.Method.invoke(Method.java:580)
	at org.openqa.selenium.support.pagefactory.internal.LocatingElementHandler.invoke(LocatingElementHandler.java:51)
	at jdk.proxy2/jdk.proxy2.$Proxy26.click(Unknown Source)
	at pageObjects.FyhPage.selectTab(FyhPage.java:170)
	at stepDefinations.FyhPageSteps.user_clicks_on_tab_and_filter_dropdown(FyhPageSteps.java:67)
	at ✽.User clicks on "Quick Move-Ins" tab and clicks on the "A-Z" dropdown(file:///C:/Users/dkaushik/eclipse-workspace/bdd_mattamyhomes/src/test/resources/features/fyhpagefilters.feature:12)
]]>
</failure>
<system-out><![CDATA[
Given user is on the Home page..............................................passed
And User click on the FindYourHome Menu in Header...........................passed
When select any random option...............................................passed
Then User should be redirected to the FYH Page for the Selected option......passed
When User clicks on "Quick Move-Ins" tab and clicks on the "A-Z" dropdown...failed
Then for the selected "Quick Move-Ins" the "A-Z" list should be visible to user.skipped
And for the selected "Quick Move-Ins" tab choose any value from the "A-Z" sort dropdown.skipped
Then Listing should be updated as per the selected "A-Z" for the "Quick Move-Ins" tab.skipped
]]></system-out>
</testcase>
<testcase classname="Verify Filters on the FYH page" name="Verify that selecting &quot;&lt;SortType&gt;&quot; filter updates listings on the &quot;&lt;TabName&gt;&quot; tab - #1.6: Verify that selecting &quot;Price&quot; filter updates listings on the &quot;Plans&quot; tab" time="125.698">
<failure type="org.openqa.selenium.TimeoutException" message="Expected condition failed: waiting for visibility of all [] (tried for 30 second(s) with 500 milliseconds interval)
Build info: version: '4.29.0', revision: '5fc1ec94cb'
System info: os.name: 'Windows 11', os.arch: 'amd64', os.version: '10.0', java.version: '23.0.2'
Driver info: org.openqa.selenium.chrome.ChromeDriver
Capabilities {acceptInsecureCerts: false, browserName: chrome, browserVersion: 135.0.7049.85, chrome: {chromedriverVersion: 135.0.7049.97 (b41307079c9b..., userDataDir: C:\Users\dkaushik\AppData\L...}, fedcm:accounts: true, goog:chromeOptions: {debuggerAddress: localhost:61903}, networkConnectionEnabled: false, pageLoadStrategy: normal, platformName: windows, proxy: Proxy(), se:cdp: ws://localhost:61903/devtoo..., se:cdpVersion: 135.0.7049.85, setWindowRect: true, strictFileInteractability: false, timeouts: {implicit: 0, pageLoad: 300000, script: 30000}, unhandledPromptBehavior: dismiss and notify, webauthn:extension:credBlob: true, webauthn:extension:largeBlob: true, webauthn:extension:minPinLength: true, webauthn:extension:prf: true, webauthn:virtualAuthenticators: true}
Session ID: aba5f7e22697ab13ccd0198676ffdb30">
<![CDATA[org.openqa.selenium.TimeoutException: Expected condition failed: waiting for visibility of all [] (tried for 30 second(s) with 500 milliseconds interval)
Build info: version: '4.29.0', revision: '5fc1ec94cb'
System info: os.name: 'Windows 11', os.arch: 'amd64', os.version: '10.0', java.version: '23.0.2'
Driver info: org.openqa.selenium.chrome.ChromeDriver
Capabilities {acceptInsecureCerts: false, browserName: chrome, browserVersion: 135.0.7049.85, chrome: {chromedriverVersion: 135.0.7049.97 (b41307079c9b..., userDataDir: C:\Users\dkaushik\AppData\L...}, fedcm:accounts: true, goog:chromeOptions: {debuggerAddress: localhost:61903}, networkConnectionEnabled: false, pageLoadStrategy: normal, platformName: windows, proxy: Proxy(), se:cdp: ws://localhost:61903/devtoo..., se:cdpVersion: 135.0.7049.85, setWindowRect: true, strictFileInteractability: false, timeouts: {implicit: 0, pageLoad: 300000, script: 30000}, unhandledPromptBehavior: dismiss and notify, webauthn:extension:credBlob: true, webauthn:extension:largeBlob: true, webauthn:extension:minPinLength: true, webauthn:extension:prf: true, webauthn:virtualAuthenticators: true}
Session ID: aba5f7e22697ab13ccd0198676ffdb30
	at org.openqa.selenium.support.ui.WebDriverWait.timeoutException(WebDriverWait.java:84)
	at org.openqa.selenium.support.ui.FluentWait.until(FluentWait.java:228)
	at pageObjects.FyhPage.validatePriceFilter(FyhPage.java:268)
	at pageObjects.FyhPage.isListingUpdatedBasedOnFilter(FyhPage.java:254)
	at stepDefinations.FyhPageSteps.listing_should_be_updated(FyhPageSteps.java:85)
	at ✽.Listing should be updated as per the selected "Price" for the "Plans" tab(file:///C:/Users/dkaushik/eclipse-workspace/bdd_mattamyhomes/src/test/resources/features/fyhpagefilters.feature:15)
]]>
</failure>
<system-out><![CDATA[
Given user is on the Home page..............................................passed
And User click on the FindYourHome Menu in Header...........................passed
When select any random option...............................................passed
Then User should be redirected to the FYH Page for the Selected option......passed
When User clicks on "Plans" tab and clicks on the "Price" dropdown..........passed
Then for the selected "Plans" the "Price" list should be visible to user....passed
And for the selected "Plans" tab choose any value from the "Price" sort dropdown.passed
Then Listing should be updated as per the selected "Price" for the "Plans" tab.failed
]]></system-out>
</testcase>
<testcase classname="Verify Filters on the FYH page" name="Verify that selecting &quot;&lt;SortType&gt;&quot; filter updates listings on the &quot;&lt;TabName&gt;&quot; tab - #1.7: Verify that selecting &quot;Size&quot; filter updates listings on the &quot;Plans&quot; tab" time="18.571">
<failure type="org.openqa.selenium.ElementClickInterceptedException" message="element click intercepted: Element &lt;button class=&quot;sc-pRhbc ePDsLp bg-white w-full font-graphie px-4 cursor-pointer rounded-lg border border-action-blue md:border-none transition transition-all duration-300 hover:text-white hover:bg-action-blue text-action-blue&quot; aria-pressed=&quot;false&quot; aria-label=&quot;All Plans. No results found.&quot;&gt;...&lt;/button&gt; is not clickable at point (621, 150). Other element would receive the click: &lt;div class=&quot;flex justify-center items-center w-screen h-screen&quot;&gt;...&lt;/div&gt;
  (Session info: chrome=135.0.7049.85)
Build info: version: '4.29.0', revision: '5fc1ec94cb'
System info: os.name: 'Windows 11', os.arch: 'amd64', os.version: '10.0', java.version: '23.0.2'
Driver info: org.openqa.selenium.chrome.ChromeDriver
Command: [9919740c91b910bc3ce1135009526869, clickElement {id=f.7788783A5AE5EA32741D6B82F64D4B78.d.925BC484B7CE3296E6B0CF642DF82EF6.e.89}]
Capabilities {acceptInsecureCerts: false, browserName: chrome, browserVersion: 135.0.7049.85, chrome: {chromedriverVersion: 135.0.7049.97 (b41307079c9b..., userDataDir: C:\Users\dkaushik\AppData\L...}, fedcm:accounts: true, goog:chromeOptions: {debuggerAddress: localhost:62389}, networkConnectionEnabled: false, pageLoadStrategy: normal, platformName: windows, proxy: Proxy(), se:cdp: ws://localhost:62389/devtoo..., se:cdpVersion: 135.0.7049.85, setWindowRect: true, strictFileInteractability: false, timeouts: {implicit: 0, pageLoad: 300000, script: 30000}, unhandledPromptBehavior: dismiss and notify, webauthn:extension:credBlob: true, webauthn:extension:largeBlob: true, webauthn:extension:minPinLength: true, webauthn:extension:prf: true, webauthn:virtualAuthenticators: true}
Element: [[ChromeDriver: chrome on windows (9919740c91b910bc3ce1135009526869)] -&gt; xpath: //button[contains(@aria-label, 'Plans')]]
Session ID: 9919740c91b910bc3ce1135009526869">
<![CDATA[org.openqa.selenium.ElementClickInterceptedException: element click intercepted: Element <button class="sc-pRhbc ePDsLp bg-white w-full font-graphie px-4 cursor-pointer rounded-lg border border-action-blue md:border-none transition transition-all duration-300 hover:text-white hover:bg-action-blue text-action-blue" aria-pressed="false" aria-label="All Plans. No results found.">...</button> is not clickable at point (621, 150). Other element would receive the click: <div class="flex justify-center items-center w-screen h-screen">...</div>
  (Session info: chrome=135.0.7049.85)
Build info: version: '4.29.0', revision: '5fc1ec94cb'
System info: os.name: 'Windows 11', os.arch: 'amd64', os.version: '10.0', java.version: '23.0.2'
Driver info: org.openqa.selenium.chrome.ChromeDriver
Command: [9919740c91b910bc3ce1135009526869, clickElement {id=f.7788783A5AE5EA32741D6B82F64D4B78.d.925BC484B7CE3296E6B0CF642DF82EF6.e.89}]
Capabilities {acceptInsecureCerts: false, browserName: chrome, browserVersion: 135.0.7049.85, chrome: {chromedriverVersion: 135.0.7049.97 (b41307079c9b..., userDataDir: C:\Users\dkaushik\AppData\L...}, fedcm:accounts: true, goog:chromeOptions: {debuggerAddress: localhost:62389}, networkConnectionEnabled: false, pageLoadStrategy: normal, platformName: windows, proxy: Proxy(), se:cdp: ws://localhost:62389/devtoo..., se:cdpVersion: 135.0.7049.85, setWindowRect: true, strictFileInteractability: false, timeouts: {implicit: 0, pageLoad: 300000, script: 30000}, unhandledPromptBehavior: dismiss and notify, webauthn:extension:credBlob: true, webauthn:extension:largeBlob: true, webauthn:extension:minPinLength: true, webauthn:extension:prf: true, webauthn:virtualAuthenticators: true}
Element: [[ChromeDriver: chrome on windows (9919740c91b910bc3ce1135009526869)] -> xpath: //button[contains(@aria-label, 'Plans')]]
Session ID: 9919740c91b910bc3ce1135009526869
	at java.base/jdk.internal.reflect.DirectConstructorHandleAccessor.newInstance(DirectConstructorHandleAccessor.java:62)
	at java.base/java.lang.reflect.Constructor.newInstanceWithCaller(Constructor.java:501)
	at java.base/java.lang.reflect.Constructor.newInstance(Constructor.java:485)
	at org.openqa.selenium.remote.ErrorCodec.decode(ErrorCodec.java:167)
	at org.openqa.selenium.remote.codec.w3c.W3CHttpResponseCodec.decode(W3CHttpResponseCodec.java:138)
	at org.openqa.selenium.remote.codec.w3c.W3CHttpResponseCodec.decode(W3CHttpResponseCodec.java:50)
	at org.openqa.selenium.remote.HttpCommandExecutor.execute(HttpCommandExecutor.java:215)
	at org.openqa.selenium.remote.service.DriverCommandExecutor.invokeExecute(DriverCommandExecutor.java:216)
	at org.openqa.selenium.remote.service.DriverCommandExecutor.execute(DriverCommandExecutor.java:174)
	at org.openqa.selenium.remote.RemoteWebDriver.execute(RemoteWebDriver.java:545)
	at org.openqa.selenium.remote.RemoteWebElement.execute(RemoteWebElement.java:223)
	at org.openqa.selenium.remote.RemoteWebElement.click(RemoteWebElement.java:76)
	at java.base/jdk.internal.reflect.DirectMethodHandleAccessor.invoke(DirectMethodHandleAccessor.java:103)
	at java.base/java.lang.reflect.Method.invoke(Method.java:580)
	at org.openqa.selenium.support.pagefactory.internal.LocatingElementHandler.invoke(LocatingElementHandler.java:51)
	at jdk.proxy2/jdk.proxy2.$Proxy26.click(Unknown Source)
	at pageObjects.FyhPage.selectTab(FyhPage.java:176)
	at stepDefinations.FyhPageSteps.user_clicks_on_tab_and_filter_dropdown(FyhPageSteps.java:67)
	at ✽.User clicks on "Plans" tab and clicks on the "Size" dropdown(file:///C:/Users/dkaushik/eclipse-workspace/bdd_mattamyhomes/src/test/resources/features/fyhpagefilters.feature:12)
]]>
</failure>
<system-out><![CDATA[
Given user is on the Home page..............................................passed
And User click on the FindYourHome Menu in Header...........................passed
When select any random option...............................................passed
Then User should be redirected to the FYH Page for the Selected option......passed
When User clicks on "Plans" tab and clicks on the "Size" dropdown...........failed
Then for the selected "Plans" the "Size" list should be visible to user.....skipped
And for the selected "Plans" tab choose any value from the "Size" sort dropdown.skipped
Then Listing should be updated as per the selected "Size" for the "Plans" tab.skipped
]]></system-out>
</testcase>
<testcase classname="Verify Filters on the FYH page" name="Verify that selecting &quot;&lt;SortType&gt;&quot; filter updates listings on the &quot;&lt;TabName&gt;&quot; tab - #1.8: Verify that selecting &quot;A-Z&quot; filter updates listings on the &quot;Plans&quot; tab" time="25.966">
<failure type="org.openqa.selenium.ElementClickInterceptedException" message="element click intercepted: Element &lt;button class=&quot;sc-pRhbc ePDsLp bg-white w-full font-graphie px-4 cursor-pointer rounded-lg border border-action-blue md:border-none transition transition-all duration-300 hover:text-white hover:bg-action-blue text-action-blue&quot; aria-pressed=&quot;false&quot; aria-label=&quot;All Plans. No results found.&quot;&gt;...&lt;/button&gt; is not clickable at point (621, 150). Other element would receive the click: &lt;div class=&quot;flex justify-center items-center w-screen h-screen&quot;&gt;...&lt;/div&gt;
  (Session info: chrome=135.0.7049.85)
Build info: version: '4.29.0', revision: '5fc1ec94cb'
System info: os.name: 'Windows 11', os.arch: 'amd64', os.version: '10.0', java.version: '23.0.2'
Driver info: org.openqa.selenium.chrome.ChromeDriver
Command: [83546339e1785f9d784ff7ee9a31b489, clickElement {id=f.48747775B3B9B12758439200ECC1D020.d.02EB192CEFA6EE11DEC6942AA9BBF16B.e.135}]
Capabilities {acceptInsecureCerts: false, browserName: chrome, browserVersion: 135.0.7049.85, chrome: {chromedriverVersion: 135.0.7049.97 (b41307079c9b..., userDataDir: C:\Users\dkaushik\AppData\L...}, fedcm:accounts: true, goog:chromeOptions: {debuggerAddress: localhost:62516}, networkConnectionEnabled: false, pageLoadStrategy: normal, platformName: windows, proxy: Proxy(), se:cdp: ws://localhost:62516/devtoo..., se:cdpVersion: 135.0.7049.85, setWindowRect: true, strictFileInteractability: false, timeouts: {implicit: 0, pageLoad: 300000, script: 30000}, unhandledPromptBehavior: dismiss and notify, webauthn:extension:credBlob: true, webauthn:extension:largeBlob: true, webauthn:extension:minPinLength: true, webauthn:extension:prf: true, webauthn:virtualAuthenticators: true}
Element: [[ChromeDriver: chrome on windows (83546339e1785f9d784ff7ee9a31b489)] -&gt; xpath: //button[contains(@aria-label, 'Plans')]]
Session ID: 83546339e1785f9d784ff7ee9a31b489">
<![CDATA[org.openqa.selenium.ElementClickInterceptedException: element click intercepted: Element <button class="sc-pRhbc ePDsLp bg-white w-full font-graphie px-4 cursor-pointer rounded-lg border border-action-blue md:border-none transition transition-all duration-300 hover:text-white hover:bg-action-blue text-action-blue" aria-pressed="false" aria-label="All Plans. No results found.">...</button> is not clickable at point (621, 150). Other element would receive the click: <div class="flex justify-center items-center w-screen h-screen">...</div>
  (Session info: chrome=135.0.7049.85)
Build info: version: '4.29.0', revision: '5fc1ec94cb'
System info: os.name: 'Windows 11', os.arch: 'amd64', os.version: '10.0', java.version: '23.0.2'
Driver info: org.openqa.selenium.chrome.ChromeDriver
Command: [83546339e1785f9d784ff7ee9a31b489, clickElement {id=f.48747775B3B9B12758439200ECC1D020.d.02EB192CEFA6EE11DEC6942AA9BBF16B.e.135}]
Capabilities {acceptInsecureCerts: false, browserName: chrome, browserVersion: 135.0.7049.85, chrome: {chromedriverVersion: 135.0.7049.97 (b41307079c9b..., userDataDir: C:\Users\dkaushik\AppData\L...}, fedcm:accounts: true, goog:chromeOptions: {debuggerAddress: localhost:62516}, networkConnectionEnabled: false, pageLoadStrategy: normal, platformName: windows, proxy: Proxy(), se:cdp: ws://localhost:62516/devtoo..., se:cdpVersion: 135.0.7049.85, setWindowRect: true, strictFileInteractability: false, timeouts: {implicit: 0, pageLoad: 300000, script: 30000}, unhandledPromptBehavior: dismiss and notify, webauthn:extension:credBlob: true, webauthn:extension:largeBlob: true, webauthn:extension:minPinLength: true, webauthn:extension:prf: true, webauthn:virtualAuthenticators: true}
Element: [[ChromeDriver: chrome on windows (83546339e1785f9d784ff7ee9a31b489)] -> xpath: //button[contains(@aria-label, 'Plans')]]
Session ID: 83546339e1785f9d784ff7ee9a31b489
	at java.base/jdk.internal.reflect.DirectConstructorHandleAccessor.newInstance(DirectConstructorHandleAccessor.java:62)
	at java.base/java.lang.reflect.Constructor.newInstanceWithCaller(Constructor.java:501)
	at java.base/java.lang.reflect.Constructor.newInstance(Constructor.java:485)
	at org.openqa.selenium.remote.ErrorCodec.decode(ErrorCodec.java:167)
	at org.openqa.selenium.remote.codec.w3c.W3CHttpResponseCodec.decode(W3CHttpResponseCodec.java:138)
	at org.openqa.selenium.remote.codec.w3c.W3CHttpResponseCodec.decode(W3CHttpResponseCodec.java:50)
	at org.openqa.selenium.remote.HttpCommandExecutor.execute(HttpCommandExecutor.java:215)
	at org.openqa.selenium.remote.service.DriverCommandExecutor.invokeExecute(DriverCommandExecutor.java:216)
	at org.openqa.selenium.remote.service.DriverCommandExecutor.execute(DriverCommandExecutor.java:174)
	at org.openqa.selenium.remote.RemoteWebDriver.execute(RemoteWebDriver.java:545)
	at org.openqa.selenium.remote.RemoteWebElement.execute(RemoteWebElement.java:223)
	at org.openqa.selenium.remote.RemoteWebElement.click(RemoteWebElement.java:76)
	at java.base/jdk.internal.reflect.DirectMethodHandleAccessor.invoke(DirectMethodHandleAccessor.java:103)
	at java.base/java.lang.reflect.Method.invoke(Method.java:580)
	at org.openqa.selenium.support.pagefactory.internal.LocatingElementHandler.invoke(LocatingElementHandler.java:51)
	at jdk.proxy2/jdk.proxy2.$Proxy26.click(Unknown Source)
	at pageObjects.FyhPage.selectTab(FyhPage.java:176)
	at stepDefinations.FyhPageSteps.user_clicks_on_tab_and_filter_dropdown(FyhPageSteps.java:67)
	at ✽.User clicks on "Plans" tab and clicks on the "A-Z" dropdown(file:///C:/Users/dkaushik/eclipse-workspace/bdd_mattamyhomes/src/test/resources/features/fyhpagefilters.feature:12)
]]>
</failure>
<system-out><![CDATA[
Given user is on the Home page..............................................passed
And User click on the FindYourHome Menu in Header...........................passed
When select any random option...............................................passed
Then User should be redirected to the FYH Page for the Selected option......passed
When User clicks on "Plans" tab and clicks on the "A-Z" dropdown............failed
Then for the selected "Plans" the "A-Z" list should be visible to user......skipped
And for the selected "Plans" tab choose any value from the "A-Z" sort dropdown.skipped
Then Listing should be updated as per the selected "A-Z" for the "Plans" tab.skipped
]]></system-out>
</testcase>
<testcase classname="Home Page Verification" name="Verify the Home Page is loaded successfully with all elements and contents" time="18.751">
<system-out><![CDATA[
Given user is on the Home page..............................................passed
And all elements loaded on the homepage.....................................passed
Then user should be able to view all the home page elements.................passed
]]></system-out>
</testcase>
<testcase classname="Verify Homepage Search by City, Community, Plan, or QMI name" name="Verify search suggestions and redirection - #1.1" time="40.219">
<system-out><![CDATA[
Given user is on the Home page..............................................passed
When user clicks on the Search field........................................passed
And inputs the "QMI" name "place"...........................................passed
Then similar "QMI" names suggestions should be visible in the dropdown......passed
And clicking on any "QMI" suggestion should redirect user to "QMI" detail page.passed
]]></system-out>
</testcase>
<testcase classname="Verify Homepage Search by City, Community, Plan, or QMI name" name="Verify search suggestions and redirection - #1.2" time="36.281">
<system-out><![CDATA[
Given user is on the Home page..............................................passed
When user clicks on the Search field........................................passed
And inputs the "QMI" name "plan"............................................passed
Then similar "QMI" names suggestions should be visible in the dropdown......passed
And clicking on any "QMI" suggestion should redirect user to "QMI" detail page.passed
]]></system-out>
</testcase>
<testcase classname="Verify Homepage Search by City, Community, Plan, or QMI name" name="Verify search suggestions and redirection - #1.3" time="39.087">
<system-out><![CDATA[
Given user is on the Home page..............................................passed
When user clicks on the Search field........................................passed
And inputs the "Plan" name "cove"...........................................passed
Then similar "Plan" names suggestions should be visible in the dropdown.....passed
And clicking on any "Plan" suggestion should redirect user to "Plan" detail page.passed
]]></system-out>
</testcase>
<testcase classname="Verify Homepage Search by City, Community, Plan, or QMI name" name="Verify search suggestions and redirection - #1.4" time="35.767">
<system-out><![CDATA[
Given user is on the Home page..............................................passed
When user clicks on the Search field........................................passed
And inputs the "Plan" name "Plan"...........................................passed
Then similar "Plan" names suggestions should be visible in the dropdown.....passed
And clicking on any "Plan" suggestion should redirect user to "Plan" detail page.passed
]]></system-out>
</testcase>
<testcase classname="Verify Homepage Search by City, Community, Plan, or QMI name" name="Verify search suggestions and redirection - #1.5" time="34.552">
<system-out><![CDATA[
Given user is on the Home page..............................................passed
When user clicks on the Search field........................................passed
And inputs the "City" name "beach"..........................................passed
Then similar "City" names suggestions should be visible in the dropdown.....passed
And clicking on any "City" suggestion should redirect user to "City" detail page.passed
]]></system-out>
</testcase>
<testcase classname="Verify Homepage Search by City, Community, Plan, or QMI name" name="Verify search suggestions and redirection - #1.6" time="40.156">
<system-out><![CDATA[
Given user is on the Home page..............................................passed
When user clicks on the Search field........................................passed
And inputs the "City" name "dallas".........................................passed
Then similar "City" names suggestions should be visible in the dropdown.....passed
And clicking on any "City" suggestion should redirect user to "City" detail page.passed
]]></system-out>
</testcase>
<testcase classname="Verify Homepage Search by City, Community, Plan, or QMI name" name="Verify search suggestions and redirection - #1.7" time="31.602">
<system-out><![CDATA[
Given user is on the Home page..............................................passed
When user clicks on the Search field........................................passed
And inputs the "Community" name "oaks"......................................passed
Then similar "Community" names suggestions should be visible in the dropdown.passed
And clicking on any "Community" suggestion should redirect user to "Community" detail page.passed
]]></system-out>
</testcase>
<testcase classname="Verify Homepage Search by City, Community, Plan, or QMI name" name="Verify search suggestions and redirection - #1.8" time="47.137">
<system-out><![CDATA[
Given user is on the Home page..............................................passed
When user clicks on the Search field........................................passed
And inputs the "Community" name "springs"...................................passed
Then similar "Community" names suggestions should be visible in the dropdown.passed
And clicking on any "Community" suggestion should redirect user to "Community" detail page.passed
]]></system-out>
</testcase>
</testsuite>
